<?xml version="1.0" encoding="UTF-8"?>
<!-- Generated by org.testng.reporters.JUnitReportReporter -->
<testsuite hostname="LAPTOP-3VTI97PU" failures="0" tests="1" name="com.sevenmartsupermarket.tests.LoginTest" time="8.510" errors="0" timestamp="2024-09-30T17:40:52 IST" skipped="0">
  <testcase classname="com.sevenmartsupermarket.tests.LoginTest" name="verifyDataProviderLogin" time="8.510"/>
</testsuite> <!-- com.sevenmartsupermarket.tests.LoginTest -->
