<?xml version="1.0" encoding="UTF-8"?>
<!-- Generated by org.testng.reporters.JUnitReportReporter -->
<testsuite hostname="LAPTOP-3VTI97PU" failures="0" tests="1" name="com.sevenmartsupermarket.tests.AdminUserTest" time="5.847" errors="0" timestamp="2024-09-29T22:21:05 IST" skipped="0">
  <testcase classname="com.sevenmartsupermarket.tests.AdminUserTest" name="verifydataProviderAdminUser" time="5.847"/>
</testsuite> <!-- com.sevenmartsupermarket.tests.AdminUserTest -->
